19:44:09  |  Platform  |  Info  |  * Initialise: RenderManager  |  /build/buildd/mygui-3.2.0/Platforms/Ogre/OgrePlatform/src/MyGUI_OgreRenderManager.cpp  |  43
19:44:09  |  Platform  |  Info  |  RenderManager successfully initialized  |  /build/buildd/mygui-3.2.0/Platforms/Ogre/OgrePlatform/src/MyGUI_OgreRenderManager.cpp  |  71
19:44:09  |  Platform  |  Info  |  * Initialise: DataManager  |  /build/buildd/mygui-3.2.0/Platforms/Ogre/OgrePlatform/src/MyGUI_OgreDataManager.cpp  |  27
19:44:09  |  Platform  |  Info  |  DataManager successfully initialized  |  /build/buildd/mygui-3.2.0/Platforms/Ogre/OgrePlatform/src/MyGUI_OgreDataManager.cpp  |  35
19:44:09  |  Core  |  Info  |  * Initialise: Gui  |  /build/buildd/mygui-3.2.0/MyGUIEngine/src/MyGUI_Gui.cpp  |  75
19:44:09  |  Core  |  Info  |  * MyGUI version 3.2.0  |  /build/buildd/mygui-3.2.0/MyGUIEngine/src/MyGUI_Gui.cpp  |  87
19:44:09  |  Core  |  Info  |  * Initialise: ResourceManager  |  /build/buildd/mygui-3.2.0/MyGUIEngine/src/MyGUI_ResourceManager.cpp  |  48
19:44:09  |  Core  |  Info  |  ResourceManager successfully initialized  |  /build/buildd/mygui-3.2.0/MyGUIEngine/src/MyGUI_ResourceManager.cpp  |  56
19:44:09  |  Core  |  Info  |  * Initialise: LayerManager  |  /build/buildd/mygui-3.2.0/MyGUIEngine/src/MyGUI_LayerManager.cpp  |  49
19:44:09  |  Core  |  Info  |  LayerManager successfully initialized  |  /build/buildd/mygui-3.2.0/MyGUIEngine/src/MyGUI_LayerManager.cpp  |  57
19:44:09  |  Core  |  Info  |  * Initialise: WidgetManager  |  /build/buildd/mygui-3.2.0/MyGUIEngine/src/MyGUI_WidgetManager.cpp  |  67
19:44:09  |  Core  |  Info  |  WidgetManager successfully initialized  |  /build/buildd/mygui-3.2.0/MyGUIEngine/src/MyGUI_WidgetManager.cpp  |  98
19:44:09  |  Core  |  Info  |  * Initialise: InputManager  |  /build/buildd/mygui-3.2.0/MyGUIEngine/src/MyGUI_InputManager.cpp  |  58
19:44:09  |  Core  |  Info  |  InputManager successfully initialized  |  /build/buildd/mygui-3.2.0/MyGUIEngine/src/MyGUI_InputManager.cpp  |  78
19:44:09  |  Core  |  Info  |  * Initialise: SubWidgetManager  |  /build/buildd/mygui-3.2.0/MyGUIEngine/src/MyGUI_SubWidgetManager.cpp  |  49
19:44:09  |  Core  |  Info  |  SubWidgetManager successfully initialized  |  /build/buildd/mygui-3.2.0/MyGUIEngine/src/MyGUI_SubWidgetManager.cpp  |  69
19:44:09  |  Core  |  Info  |  * Initialise: SkinManager  |  /build/buildd/mygui-3.2.0/MyGUIEngine/src/MyGUI_SkinManager.cpp  |  53
19:44:09  |  Core  |  Info  |  SkinManager successfully initialized  |  /build/buildd/mygui-3.2.0/MyGUIEngine/src/MyGUI_SkinManager.cpp  |  61
19:44:09  |  Core  |  Info  |  * Initialise: FontManager  |  /build/buildd/mygui-3.2.0/MyGUIEngine/src/MyGUI_FontManager.cpp  |  48
19:44:09  |  Core  |  Info  |  FontManager successfully initialized  |  /build/buildd/mygui-3.2.0/MyGUIEngine/src/MyGUI_FontManager.cpp  |  57
19:44:09  |  Core  |  Info  |  * Initialise: ControllerManager  |  /build/buildd/mygui-3.2.0/MyGUIEngine/src/MyGUI_ControllerManager.cpp  |  46
19:44:09  |  Core  |  Info  |  ControllerManager successfully initialized  |  /build/buildd/mygui-3.2.0/MyGUIEngine/src/MyGUI_ControllerManager.cpp  |  56
19:44:09  |  Core  |  Info  |  * Initialise: PointerManager  |  /build/buildd/mygui-3.2.0/MyGUIEngine/src/MyGUI_PointerManager.cpp  |  60
19:44:09  |  Core  |  Info  |  PointerManager successfully initialized  |  /build/buildd/mygui-3.2.0/MyGUIEngine/src/MyGUI_PointerManager.cpp  |  78
19:44:09  |  Core  |  Info  |  * Initialise: ClipboardManager  |  /build/buildd/mygui-3.2.0/MyGUIEngine/src/MyGUI_ClipboardManager.cpp  |  87
19:44:09  |  Core  |  Info  |  ClipboardManager successfully initialized  |  /build/buildd/mygui-3.2.0/MyGUIEngine/src/MyGUI_ClipboardManager.cpp  |  101
19:44:09  |  Core  |  Info  |  * Initialise: LayoutManager  |  /build/buildd/mygui-3.2.0/MyGUIEngine/src/MyGUI_LayoutManager.cpp  |  45
19:44:09  |  Core  |  Info  |  LayoutManager successfully initialized  |  /build/buildd/mygui-3.2.0/MyGUIEngine/src/MyGUI_LayoutManager.cpp  |  50
19:44:09  |  Core  |  Info  |  * Initialise: DynLibManager  |  /build/buildd/mygui-3.2.0/MyGUIEngine/src/MyGUI_DynLibManager.cpp  |  41
19:44:09  |  Core  |  Info  |  DynLibManager successfully initialized  |  /build/buildd/mygui-3.2.0/MyGUIEngine/src/MyGUI_DynLibManager.cpp  |  45
19:44:09  |  Core  |  Info  |  * Initialise: PluginManager  |  /build/buildd/mygui-3.2.0/MyGUIEngine/src/MyGUI_PluginManager.cpp  |  45
19:44:09  |  Core  |  Info  |  PluginManager successfully initialized  |  /build/buildd/mygui-3.2.0/MyGUIEngine/src/MyGUI_PluginManager.cpp  |  49
19:44:09  |  Core  |  Info  |  * Initialise: LanguageManager  |  /build/buildd/mygui-3.2.0/MyGUIEngine/src/MyGUI_LanguageManager.cpp  |  45
19:44:09  |  Core  |  Info  |  LanguageManager successfully initialized  |  /build/buildd/mygui-3.2.0/MyGUIEngine/src/MyGUI_LanguageManager.cpp  |  49
19:44:09  |  Core  |  Info  |  * Initialise: FactoryManager  |  /build/buildd/mygui-3.2.0/MyGUIEngine/src/MyGUI_FactoryManager.cpp  |  40
19:44:09  |  Core  |  Info  |  FactoryManager successfully initialized  |  /build/buildd/mygui-3.2.0/MyGUIEngine/src/MyGUI_FactoryManager.cpp  |  42
19:44:09  |  Core  |  Info  |  * Initialise: ToolTipManager  |  /build/buildd/mygui-3.2.0/MyGUIEngine/src/MyGUI_ToolTipManager.cpp  |  48
19:44:09  |  Core  |  Info  |  ToolTipManager successfully initialized  |  /build/buildd/mygui-3.2.0/MyGUIEngine/src/MyGUI_ToolTipManager.cpp  |  60
19:44:09  |  Core  |  Info  |  Load ini file 'MyGUI_GeneratedFonts.xml'  |  /build/buildd/mygui-3.2.0/MyGUIEngine/src/MyGUI_ResourceManager.cpp  |  130
19:44:09  |  Core  |  Info  |  Load ini file 'MyGUI_Fonts.xml'  |  /build/buildd/mygui-3.2.0/MyGUIEngine/src/MyGUI_ResourceManager.cpp  |  130
19:44:09  |  Core  |  Info  |  ResourceTrueTypeFont: Font 'DejaVuSansFont_15' using texture size 128 x 256.  |  /build/buildd/mygui-3.2.0/MyGUIEngine/src/MyGUI_ResourceTrueTypeFont.cpp  |  674
19:44:09  |  Core  |  Info  |  ResourceTrueTypeFont: Font 'DejaVuSansFont_15' using real height 17 pixels.  |  /build/buildd/mygui-3.2.0/MyGUIEngine/src/MyGUI_ResourceTrueTypeFont.cpp  |  675
19:44:09  |  Core  |  Info  |  Load ini file 'MyGUI_CommonSkins.xml'  |  /build/buildd/mygui-3.2.0/MyGUIEngine/src/MyGUI_ResourceManager.cpp  |  130
19:44:09  |  Core  |  Info  |  Load ini file 'MyGUI_BlueWhiteTheme.xml'  |  /build/buildd/mygui-3.2.0/MyGUIEngine/src/MyGUI_ResourceManager.cpp  |  130
19:44:09  |  Core  |  Info  |  Load ini file 'MyGUI_BlueWhiteImages.xml'  |  /build/buildd/mygui-3.2.0/MyGUIEngine/src/MyGUI_ResourceManager.cpp  |  130
19:44:09  |  Core  |  Info  |  Load ini file 'MyGUI_BlueWhiteSkins.xml'  |  /build/buildd/mygui-3.2.0/MyGUIEngine/src/MyGUI_ResourceManager.cpp  |  130
19:44:09  |  Core  |  Info  |  Load ini file 'MyGUI_BlueWhiteTemplates.xml'  |  /build/buildd/mygui-3.2.0/MyGUIEngine/src/MyGUI_ResourceManager.cpp  |  130
19:44:09  |  Core  |  Info  |  Load ini file 'MyGUI_PointerImages.xml'  |  /build/buildd/mygui-3.2.0/MyGUIEngine/src/MyGUI_ResourceManager.cpp  |  130
19:44:09  |  Core  |  Info  |  Load ini file 'MyGUI_Pointers.xml'  |  /build/buildd/mygui-3.2.0/MyGUIEngine/src/MyGUI_ResourceManager.cpp  |  130
19:44:09  |  Core  |  Info  |  Load ini file 'MyGUI_Layers.xml'  |  /build/buildd/mygui-3.2.0/MyGUIEngine/src/MyGUI_ResourceManager.cpp  |  130
19:44:09  |  Core  |  Info  |  Load ini file 'MyGUI_Settings.xml'  |  /build/buildd/mygui-3.2.0/MyGUIEngine/src/MyGUI_ResourceManager.cpp  |  130
19:44:09  |  Core  |  Info  |  Gui successfully initialized  |  /build/buildd/mygui-3.2.0/MyGUIEngine/src/MyGUI_Gui.cpp  |  133
