05:04:31: Creating resource group General
05:04:31: Creating resource group Internal
05:04:31: Creating resource group Autodetect
05:04:31: SceneManagerFactory for type 'DefaultSceneManager' registered.
05:04:31: Registering ResourceManager for type Material
05:04:31: Registering ResourceManager for type Mesh
05:04:31: Registering ResourceManager for type Skeleton
05:04:31: MovableObjectFactory for type 'ParticleSystem' registered.
05:04:31: ArchiveFactory for archive type FileSystem registered.
05:04:31: ArchiveFactory for archive type Zip registered.
05:04:31: ArchiveFactory for archive type EmbeddedZip registered.
05:04:31: DDS codec registering
05:04:31: FreeImage version: 3.17.0
05:04:31: This program uses FreeImage, a free, open source image library supporting all common bitmap formats. See http://freeimage.sourceforge.net for details
05:04:31: Supported formats: bmp,ico,jpg,jif,jpeg,jpe,jng,koa,iff,lbm,mng,pbm,pbm,pcd,pcx,pgm,pgm,png,ppm,ppm,ras,tga,targa,tif,tiff,wap,wbmp,wbm,psd,cut,xbm,xpm,gif,hdr,g3,sgi,rgb,rgba,bw,exr,j2k,j2c,jp2,pfm,pct,pict,pic,3fr,arw,bay,bmq,cap,cine,cr2,crw,cs1,dc2,dcr,drf,dsc,dng,erf,fff,ia,iiq,k25,kc2,kdc,mdc,mef,mos,mrw,nef,nrw,orf,pef,ptx,pxn,qtk,raf,raw,rdc,rw2,rwl,rwz,sr2,srf,srw,sti,x3f,webp,jxr,wdp,hdp
05:04:31: Registering ResourceManager for type HighLevelGpuProgram
05:04:31: Registering ResourceManager for type Compositor
05:04:31: MovableObjectFactory for type 'Entity' registered.
05:04:31: MovableObjectFactory for type 'Light' registered.
05:04:31: MovableObjectFactory for type 'BillboardSet' registered.
05:04:31: MovableObjectFactory for type 'ManualObject' registered.
05:04:31: MovableObjectFactory for type 'BillboardChain' registered.
05:04:31: MovableObjectFactory for type 'RibbonTrail' registered.
05:04:31: Loading library /usr/lib/OGRE/RenderSystem_GL
05:04:31: Installing plugin: GL RenderSystem
05:04:31: OpenGL Rendering Subsystem created.
05:04:32: Plugin successfully installed
05:04:32: *-*-* OGRE Initialising
05:04:32: *-*-* Version 1.9.0 (Ghadamon)
05:04:32: CPU Identifier & Features
05:04:32: -------------------------
05:04:32:  *   CPU ID: AuthenticAMD: AMD Athlon(tm) 64 X2 Dual Core Processor 6000+
05:04:32:  *      SSE: yes
05:04:32:  *     SSE2: yes
05:04:32:  *     SSE3: yes
05:04:32:  *      MMX: yes
05:04:32:  *   MMXEXT: yes
05:04:32:  *    3DNOW: yes
05:04:32:  * 3DNOWEXT: yes
05:04:32:  *     CMOV: yes
05:04:32:  *      TSC: yes
05:04:32:  *      FPU: yes
05:04:32:  *      PRO: yes
05:04:32:  *       HT: no
05:04:32: -------------------------
05:04:32: ******************************
*** Starting GLX Subsystem ***
******************************
05:04:32: Registering ResourceManager for type Texture
05:04:32: GLRenderSystem::_createRenderWindow "BattleShip", 1920x1080 fullscreen  miscParams: FSAA=0 displayFrequency=60 Hz gamma=No vsync=No 
05:04:32: GLXWindow::create used FBConfigID = 326
05:04:32: GL_VERSION = 3.0 Mesa 11.0.5
05:04:32: GL_VENDOR = X.Org
05:04:32: GL_RENDERER = Gallium 0.4 on AMD CAICOS (DRM 2.43.0, LLVM 3.7.0)
05:04:32: GL_EXTENSIONS = GL_ARB_multisample GL_EXT_abgr GL_EXT_bgra GL_EXT_blend_color GL_EXT_blend_minmax GL_EXT_blend_subtract GL_EXT_copy_texture GL_EXT_polygon_offset GL_EXT_subtexture GL_EXT_texture_object GL_EXT_vertex_array GL_EXT_compiled_vertex_array GL_EXT_texture GL_EXT_texture3D GL_IBM_rasterpos_clip GL_ARB_point_parameters GL_EXT_draw_range_elements GL_EXT_packed_pixels GL_EXT_point_parameters GL_EXT_rescale_normal GL_EXT_separate_specular_color GL_EXT_texture_edge_clamp GL_SGIS_generate_mipmap GL_SGIS_texture_border_clamp GL_SGIS_texture_edge_clamp GL_SGIS_texture_lod GL_ARB_framebuffer_sRGB GL_ARB_multitexture GL_EXT_framebuffer_sRGB GL_IBM_multimode_draw_arrays GL_IBM_texture_mirrored_repeat GL_ARB_texture_cube_map GL_ARB_texture_env_add GL_ARB_transpose_matrix GL_EXT_blend_func_separate GL_EXT_fog_coord GL_EXT_multi_draw_arrays GL_EXT_secondary_color GL_EXT_texture_env_add GL_EXT_texture_filter_anisotropic GL_EXT_texture_lod_bias GL_INGR_blend_func_separate GL_NV_blend_square GL_NV_light_max_exponent GL_NV_texgen_reflection GL_NV_texture_env_combine4 GL_S3_s3tc GL_SUN_multi_draw_arrays GL_ARB_texture_border_clamp GL_ARB_texture_compression GL_EXT_framebuffer_object GL_EXT_texture_compression_s3tc GL_EXT_texture_env_combine GL_EXT_texture_env_dot3 GL_MESA_window_pos GL_NV_packed_depth_stencil GL_NV_texture_rectangle GL_ARB_depth_texture GL_ARB_occlusion_query GL_ARB_shadow GL_ARB_texture_env_combine GL_ARB_texture_env_crossbar GL_ARB_texture_env_dot3 GL_ARB_texture_mirrored_repeat GL_ARB_window_pos GL_EXT_stencil_two_side GL_EXT_texture_cube_map GL_NV_depth_clamp GL_NV_fog_distance GL_APPLE_packed_pixels GL_APPLE_vertex_array_object GL_ARB_draw_buffers GL_ARB_fragment_program GL_ARB_fragment_shader GL_ARB_shader_objects GL_ARB_vertex_program GL_ARB_vertex_shader GL_ATI_draw_buffers GL_ATI_texture_env_combine3 GL_ATI_texture_float GL_EXT_shadow_funcs GL_EXT_stencil_wrap GL_MESA_pack_invert GL_NV_primitive_restart GL_ARB_depth_clamp GL_ARB_fragment_program_shadow GL_ARB_half_float_pixel GL_ARB_occlusion_query2 GL_ARB_point_sprite GL_ARB_shading_language_100 GL_ARB_sync GL_ARB_texture_non_power_of_two GL_ARB_vertex_buffer_object GL_ATI_blend_equation_separate GL_EXT_blend_equation_separate GL_OES_read_format GL_ARB_color_buffer_float GL_ARB_pixel_buffer_object GL_ARB_texture_compression_rgtc GL_ARB_texture_float GL_ARB_texture_rectangle GL_ATI_texture_compression_3dc GL_EXT_packed_float GL_EXT_pixel_buffer_object GL_EXT_texture_compression_dxt1 GL_EXT_texture_compression_rgtc GL_EXT_texture_mirror_clamp GL_EXT_texture_rectangle GL_EXT_texture_sRGB GL_EXT_texture_shared_exponent GL_ARB_framebuffer_object GL_EXT_framebuffer_blit GL_EXT_framebuffer_multisample GL_EXT_packed_depth_stencil GL_ARB_vertex_array_object GL_ATI_separate_stencil GL_ATI_texture_mirror_once GL_EXT_draw_buffers2 GL_EXT_draw_instanced GL_EXT_gpu_program_parameters GL_EXT_texture_array GL_EXT_texture_compression_latc GL_EXT_texture_integer GL_EXT_texture_sRGB_decode GL_EXT_timer_query GL_OES_EGL_image GL_ARB_copy_buffer GL_ARB_depth_buffer_float GL_ARB_draw_instanced GL_ARB_half_float_vertex GL_ARB_instanced_arrays GL_ARB_map_buffer_range GL_ARB_texture_rg GL_ARB_texture_swizzle GL_ARB_vertex_array_bgra GL_EXT_texture_swizzle GL_EXT_vertex_array_bgra GL_NV_conditional_render GL_AMD_conservative_depth GL_AMD_draw_buffers_blend GL_AMD_seamless_cubemap_per_texture GL_AMD_shader_stencil_export GL_ARB_ES2_compatibility GL_ARB_blend_func_extended GL_ARB_debug_output GL_ARB_draw_buffers_blend GL_ARB_draw_elements_base_vertex GL_ARB_explicit_attrib_location GL_ARB_fragment_coord_conventions GL_ARB_provoking_vertex GL_ARB_sample_shading GL_ARB_sampler_objects GL_ARB_seamless_cube_map GL_ARB_shader_stencil_export GL_ARB_shader_texture_lod GL_ARB_texture_cube_map_array GL_ARB_texture_gather GL_ARB_texture_multisample GL_ARB_texture_query_lod GL_ARB_texture_rgb10_a2ui GL_ARB_uniform_buffer_object GL_ARB_vertex_type_2_10_10_10_rev GL_EXT_provoking_vertex GL_EXT_texture_snorm GL_MESA_texture_signed_rgba GL_NV_texture_barrier GL_ARB_get_program_binary GL_ARB_robustness GL_ARB_separate_shader_objects GL_ARB_shader_bit_encoding GL_ARB_texture_compression_bptc GL_ARB_timer_query GL_ARB_transform_feedback2 GL_ARB_transform_feedback3 GL_NV_vdpau_interop GL_ANGLE_texture_compression_dxt3 GL_ANGLE_texture_compression_dxt5 GL_ARB_base_instance GL_ARB_compressed_texture_pixel_storage GL_ARB_conservative_depth GL_ARB_internalformat_query GL_ARB_map_buffer_alignment GL_ARB_shading_language_420pack GL_ARB_shading_language_packing GL_ARB_texture_storage GL_ARB_transform_feedback_instanced GL_EXT_framebuffer_multisample_blit_scaled GL_EXT_transform_feedback GL_AMD_shader_trinary_minmax GL_ARB_ES3_compatibility GL_ARB_clear_buffer_object GL_ARB_explicit_uniform_location GL_ARB_invalidate_subdata GL_ARB_program_interface_query GL_ARB_stencil_texturing GL_ARB_texture_query_levels GL_ARB_texture_storage_multisample GL_ARB_vertex_attrib_binding GL_KHR_debug GL_AMD_pinned_memory GL_ARB_buffer_storage GL_ARB_multi_bind GL_ARB_seamless_cubemap_per_texture GL_ARB_texture_mirror_clamp_to_edge GL_ARB_texture_stencil8 GL_ARB_vertex_type_10f_11f_11f_rev GL_EXT_shader_integer_mix GL_ARB_clip_control GL_ARB_conditional_render_inverted GL_ARB_derivative_control GL_ARB_get_texture_sub_image GL_ARB_pipeline_statistics_query GL_ARB_texture_barrier GL_EXT_polygon_offset_clamp GL_KHR_context_flush_control 
05:04:32: Supported GLX extensions: GLX_ARB_create_context GLX_ARB_create_context_profile GLX_ARB_create_context_robustness GLX_ARB_fbconfig_float GLX_ARB_framebuffer_sRGB GLX_ARB_get_proc_address GLX_ARB_multisample GLX_EXT_import_context GLX_EXT_visual_info GLX_EXT_visual_rating GLX_EXT_framebuffer_sRGB GLX_EXT_create_context_es2_profile GLX_MESA_copy_sub_buffer GLX_MESA_multithread_makecurrent GLX_MESA_query_renderer GLX_MESA_swap_control GLX_OML_swap_method GLX_OML_sync_control GLX_SGI_make_current_read GLX_SGI_swap_control GLX_SGI_video_sync GLX_SGIS_multisample GLX_SGIX_fbconfig GLX_SGIX_pbuffer GLX_SGIX_visual_select_group GLX_EXT_texture_from_pixmap GLX_INTEL_swap_event 
05:04:32: ***************************
05:04:32: *** GL Renderer Started ***
05:04:32: ***************************
05:04:32: Registering ResourceManager for type GpuProgram
05:04:32: GLSL support detected
05:04:32: GL: Using GL_EXT_framebuffer_object for rendering to textures (best)
05:04:32: FBO PF_UNKNOWN depth/stencil support: D0S1 D0S4 D0S8 D0S16 D16S0 D24S0 D32S0 Packed-D24S8 
05:04:32: FBO PF_L8 depth/stencil support: D0S0 D0S1 D0S4 D0S8 D0S16 D16S0 D24S0 D32S0 Packed-D24S8 
05:04:32: FBO PF_L16 depth/stencil support: D0S0 D0S1 D0S4 D0S8 D0S16 D16S0 D24S0 D32S0 Packed-D24S8 
05:04:32: FBO PF_A8 depth/stencil support: D0S0 D0S1 D0S4 D0S8 D0S16 D16S0 D24S0 D32S0 Packed-D24S8 
05:04:32: FBO PF_BYTE_LA depth/stencil support: D0S0 D0S1 D0S4 D0S8 D0S16 D16S0 D24S0 D32S0 Packed-D24S8 
05:04:32: FBO PF_R5G6B5 depth/stencil support: D0S0 D0S1 D0S4 D0S8 D0S16 D16S0 D24S0 D32S0 Packed-D24S8 
05:04:32: FBO PF_B5G6R5 depth/stencil support: D0S0 D0S1 D0S4 D0S8 D0S16 D16S0 D24S0 D32S0 Packed-D24S8 
05:04:32: FBO PF_A4R4G4B4 depth/stencil support: D0S0 D0S1 D0S4 D0S8 D0S16 D16S0 D24S0 D32S0 Packed-D24S8 
05:04:32: FBO PF_A1R5G5B5 depth/stencil support: D0S0 D0S1 D0S4 D0S8 D0S16 D16S0 D24S0 D32S0 Packed-D24S8 
05:04:32: FBO PF_R8G8B8 depth/stencil support: D0S0 D0S1 D0S4 D0S8 D0S16 D16S0 D24S0 D32S0 Packed-D24S8 
05:04:32: FBO PF_B8G8R8 depth/stencil support: D0S0 D0S1 D0S4 D0S8 D0S16 D16S0 D24S0 D32S0 Packed-D24S8 
05:04:32: FBO PF_A8R8G8B8 depth/stencil support: D0S0 D0S1 D0S4 D0S8 D0S16 D16S0 D24S0 D32S0 Packed-D24S8 
05:04:32: FBO PF_B8G8R8A8 depth/stencil support: D0S0 D0S1 D0S4 D0S8 D0S16 D16S0 D24S0 D32S0 Packed-D24S8 
05:04:32: FBO PF_A2R10G10B10 depth/stencil support: D0S0 D0S1 D0S4 D0S8 D0S16 D16S0 D24S0 D32S0 Packed-D24S8 
05:04:32: FBO PF_A2B10G10R10 depth/stencil support: D0S0 D0S1 D0S4 D0S8 D0S16 D16S0 D24S0 D32S0 Packed-D24S8 
05:04:32: FBO PF_FLOAT16_RGB depth/stencil support: D0S0 D0S1 D0S4 D0S8 D0S16 D16S0 D24S0 D32S0 Packed-D24S8 
05:04:32: FBO PF_FLOAT16_RGBA depth/stencil support: D0S0 D0S1 D0S4 D0S8 D0S16 D16S0 D24S0 D32S0 Packed-D24S8 
05:04:32: FBO PF_FLOAT32_RGB depth/stencil support: D0S0 D0S1 D0S4 D0S8 D0S16 D16S0 D24S0 D32S0 Packed-D24S8 
05:04:32: FBO PF_FLOAT32_RGBA depth/stencil support: D0S0 D0S1 D0S4 D0S8 D0S16 D16S0 D24S0 D32S0 Packed-D24S8 
05:04:32: FBO PF_X8R8G8B8 depth/stencil support: D0S0 D0S1 D0S4 D0S8 D0S16 D16S0 D24S0 D32S0 Packed-D24S8 
05:04:32: FBO PF_X8B8G8R8 depth/stencil support: D0S0 D0S1 D0S4 D0S8 D0S16 D16S0 D24S0 D32S0 Packed-D24S8 
05:04:32: FBO PF_SHORT_RGBA depth/stencil support: D0S0 D0S1 D0S4 D0S8 D0S16 D16S0 D24S0 D32S0 Packed-D24S8 
05:04:32: FBO PF_R3G3B2 depth/stencil support: D0S0 D0S1 D0S4 D0S8 D0S16 D16S0 D24S0 D32S0 Packed-D24S8 
05:04:32: FBO PF_FLOAT16_R depth/stencil support: D0S0 D0S1 D0S4 D0S8 D0S16 D16S0 D24S0 D32S0 Packed-D24S8 
05:04:32: FBO PF_FLOAT32_R depth/stencil support: D0S0 D0S1 D0S4 D0S8 D0S16 D16S0 D24S0 D32S0 Packed-D24S8 
05:04:32: FBO PF_SHORT_GR depth/stencil support: D0S0 D0S1 D0S4 D0S8 D0S16 D16S0 D24S0 D32S0 Packed-D24S8 
05:04:32: FBO PF_FLOAT16_GR depth/stencil support: D0S0 D0S1 D0S4 D0S8 D0S16 D16S0 D24S0 D32S0 Packed-D24S8 
05:04:32: FBO PF_FLOAT32_GR depth/stencil support: D0S0 D0S1 D0S4 D0S8 D0S16 D16S0 D24S0 D32S0 Packed-D24S8 
05:04:32: FBO PF_SHORT_RGB depth/stencil support: D0S0 D0S1 D0S4 D0S8 D0S16 D16S0 D24S0 D32S0 Packed-D24S8 
05:04:32: [GL] : Valid FBO targets PF_UNKNOWN PF_L8 PF_L16 PF_A8 PF_BYTE_LA PF_R5G6B5 PF_B5G6R5 PF_A4R4G4B4 PF_A1R5G5B5 PF_R8G8B8 PF_B8G8R8 PF_A8R8G8B8 PF_B8G8R8A8 PF_A2R10G10B10 PF_A2B10G10R10 PF_FLOAT16_RGB PF_FLOAT16_RGBA PF_FLOAT32_RGB PF_FLOAT32_RGBA PF_X8R8G8B8 PF_X8B8G8R8 PF_SHORT_RGBA PF_R3G3B2 PF_FLOAT16_R PF_FLOAT32_R PF_SHORT_GR PF_FLOAT16_GR PF_FLOAT32_GR PF_SHORT_RGB 
05:04:32: RenderSystem capabilities
05:04:32: -------------------------
05:04:32: RenderSystem Name: OpenGL Rendering Subsystem
05:04:32: GPU Vendor: unknown
05:04:32: Device Name: Gallium 0.4 on AMD CAICOS (DRM 2.43.0, LLVM 3.7.0)
05:04:32: Driver Version: 3.0.0.0
05:04:32:  * Fixed function pipeline: yes
05:04:32:  * Hardware generation of mipmaps: yes
05:04:32:  * Texture blending: yes
05:04:32:  * Anisotropic texture filtering: yes
05:04:32:  * Dot product texture operation: yes
05:04:32:  * Cube mapping: yes
05:04:32:  * Hardware stencil buffer: yes
05:04:32:    - Stencil depth: 8
05:04:32:    - Two sided stencil support: yes
05:04:32:    - Wrap stencil values: yes
05:04:32:  * Hardware vertex / index buffers: yes
05:04:32:  * Vertex programs: yes
05:04:32:  * Number of floating-point constants for vertex programs: 4096
05:04:32:  * Number of integer constants for vertex programs: 0
05:04:32:  * Number of boolean constants for vertex programs: 0
05:04:32:  * Fragment programs: yes
05:04:32:  * Number of floating-point constants for fragment programs: 4096
05:04:32:  * Number of integer constants for fragment programs: 0
05:04:32:  * Number of boolean constants for fragment programs: 0
05:04:32:  * Geometry programs: no
05:04:32:  * Number of floating-point constants for geometry programs: 0
05:04:32:  * Number of integer constants for geometry programs: 0
05:04:32:  * Number of boolean constants for geometry programs: 0
05:04:32:  * Tesselation Hull programs: no
05:04:32:  * Number of floating-point constants for tesselation hull programs: 0
05:04:32:  * Number of integer constants for tesselation hull programs: 0
05:04:32:  * Number of boolean constants for tesselation hull programs: 0
05:04:32:  * Tesselation Domain programs: no
05:04:32:  * Number of floating-point constants for tesselation domain programs: 0
05:04:32:  * Number of integer constants for tesselation domain programs: 0
05:04:32:  * Number of boolean constants for tesselation domain programs: 0
05:04:32:  * Compute programs: no
05:04:32:  * Number of floating-point constants for compute programs: 0
05:04:32:  * Number of integer constants for compute programs: 0
05:04:32:  * Number of boolean constants for compute programs: 0
05:04:32:  * Supported Shader Profiles: arbfp1 arbvp1 glsl
05:04:32:  * Texture Compression: yes
05:04:32:    - DXT: yes
05:04:32:    - VTC: no
05:04:32:    - PVRTC: no
05:04:32:    - ATC: no
05:04:32:    - ETC1: no
05:04:32:    - ETC2: no
05:04:32:    - BC4/BC5: no
05:04:32:    - BC6H/BC7: no
05:04:32:  * Scissor Rectangle: yes
05:04:32:  * Hardware Occlusion Query: yes
05:04:32:  * User clip planes: yes
05:04:32:  * VET_UBYTE4 vertex element type: yes
05:04:32:  * Infinite far plane projection: yes
05:04:32:  * Hardware render-to-texture: yes
05:04:32:  * Floating point textures: yes
05:04:32:  * Non-power-of-two textures: yes
05:04:32:  * 1d textures: yes
05:04:32:  * Volume textures: yes
05:04:32:  * Multiple Render Targets: 8
05:04:32:    - With different bit depths: yes
05:04:32:  * Point Sprites: yes
05:04:32:  * Extended point parameters: yes
05:04:32:  * Max Point Size: 16384
05:04:32:  * Vertex texture fetch: yes
05:04:32:  * Number of world matrices: 0
05:04:32:  * Number of texture units: 16
05:04:32:  * Stencil buffer depth: 8
05:04:32:  * Number of vertex blend matrices: 0
05:04:32:    - Max vertex textures: 16
05:04:32:    - Vertex textures shared: yes
05:04:32:  * Render to Vertex Buffer : no
05:04:32:  * Hardware Atomic Counters: no
05:04:32:  * GL 1.5 without VBO workaround: no
05:04:32:  * Frame Buffer objects: yes
05:04:32:  * Frame Buffer objects (ARB extension): no
05:04:32:  * Frame Buffer objects (ATI extension): no
05:04:32:  * PBuffer support: yes
05:04:32:  * GL 1.5 without HW-occlusion workaround: no
05:04:32:  * Vertex Array Objects: no
05:04:32:  * Separate shader objects: no
05:04:32: DefaultWorkQueue('Root') initialising on thread 7fcf1d907780.
05:04:32: Particle Renderer Type 'billboard' registered
05:04:32: DefaultWorkQueue('Root')::WorkerFunc - thread 7fcf0e9cf700 starting.
05:04:32: DefaultWorkQueue('Root')::WorkerFunc - thread 7fcf0e1ce700 starting.
05:04:32: Added resource location 'media' of type 'FileSystem' to resource group 'General'
05:04:32: Parsing scripts for resource group Autodetect
05:04:32: Finished parsing scripts for resource group Autodetect
05:04:32: Creating resources for group Autodetect
05:04:32: All done
05:04:32: Parsing scripts for resource group General
05:04:32: Parsing script Material.001.material
05:04:32: Parsing script WoodMat.material
05:04:32: Finished parsing scripts for resource group General
05:04:32: Creating resources for group General
05:04:32: All done
05:04:32: Parsing scripts for resource group Internal
05:04:32: Finished parsing scripts for resource group Internal
05:04:32: Creating resources for group Internal
05:04:32: All done
